TN:
SF:app.js
FN:30,(anonymous_0)
FN:35,(anonymous_1)
FNF:2
FNH:1
FNDA:0,(anonymous_0)
FNDA:19,(anonymous_1)
DA:5,1
DA:6,1
DA:8,1
DA:10,1
DA:11,1
DA:12,1
DA:13,1
DA:15,1
DA:17,1
DA:19,1
DA:20,1
DA:21,1
DA:22,1
DA:24,1
DA:25,1
DA:26,1
DA:30,1
DA:31,0
DA:35,1
DA:36,19
DA:37,19
DA:38,19
DA:40,19
DA:45,1
LF:24
LH:23
BRDA:36,0,0,0
BRDA:36,0,1,19
BRDA:37,1,0,19
BRDA:37,1,1,1
BRF:4
BRH:3
end_of_record
TN:
SF:config.js
FN:13,getDatabaseUri
FNF:1
FNH:1
FNDA:2,getDatabaseUri
DA:5,1
DA:6,1
DA:8,1
DA:10,1
DA:14,2
DA:22,1
DA:24,1
DA:25,1
DA:26,1
DA:27,1
DA:28,1
DA:29,1
DA:31,1
LF:13
LH:13
BRDA:8,0,0,1
BRDA:8,0,1,1
BRDA:10,1,0,1
BRDA:10,1,1,1
BRDA:14,2,0,2
BRDA:14,2,1,0
BRDA:16,3,0,0
BRDA:16,3,1,0
BRDA:22,4,0,1
BRDA:22,4,1,0
BRF:10
BRH:6
end_of_record
TN:
SF:db.js
FNF:0
FNH:0
DA:5,1
DA:6,1
DA:8,1
DA:12,1
DA:14,1
LF:5
LH:5
BRF:0
BRH:0
end_of_record
TN:
SF:expressError.js
FN:8,(anonymous_0)
FN:18,(anonymous_1)
FN:26,(anonymous_2)
FN:34,(anonymous_3)
FN:42,(anonymous_4)
FNF:5
FNH:4
FNDA:18,(anonymous_0)
FNDA:3,(anonymous_1)
FNDA:12,(anonymous_2)
FNDA:3,(anonymous_3)
FNDA:0,(anonymous_4)
DA:9,18
DA:10,18
DA:11,18
DA:19,3
DA:27,12
DA:35,3
DA:43,0
DA:47,1
LF:8
LH:7
BRDA:18,0,0,0
BRDA:26,1,0,12
BRDA:34,2,0,0
BRDA:42,3,0,0
BRF:4
BRH:1
end_of_record
TN:
SF:helpers/sql.js
FN:23,sqlForPartialUpdate
FN:29,(anonymous_1)
FNF:2
FNH:2
FNDA:5,sqlForPartialUpdate
FNDA:5,(anonymous_1)
DA:1,1
DA:24,5
DA:25,5
DA:28,5
DA:29,5
DA:32,5
DA:38,1
LF:7
LH:7
BRDA:25,0,0,0
BRDA:25,0,1,5
BRDA:29,1,0,5
BRDA:29,1,1,2
BRF:4
BRH:3
end_of_record
TN:
SF:helpers/tokens.js
FN:6,createToken
FNF:1
FNH:1
FNDA:5,createToken
DA:1,1
DA:2,1
DA:7,5
DA:10,5
DA:15,5
DA:18,1
LF:6
LH:6
BRDA:12,0,0,5
BRDA:12,0,1,3
BRF:2
BRH:2
end_of_record
TN:
SF:middleware/auth.js
FN:18,authenticateJWT
FN:36,ensureLoggedIn
FN:46,ensureAdminUser
FN:59,ensureCurrentOrAdmin
FNF:4
FNH:4
FNDA:30,authenticateJWT
FNDA:30,ensureLoggedIn
FNDA:9,ensureAdminUser
FNDA:16,ensureCurrentOrAdmin
DA:5,1
DA:6,1
DA:7,1
DA:19,30
DA:20,30
DA:21,30
DA:22,25
DA:23,25
DA:25,30
DA:27,0
DA:37,30
DA:38,25
DA:47,9
DA:48,6
DA:50,3
DA:60,16
DA:61,16
DA:62,12
DA:64,4
DA:69,1
LF:20
LH:19
BRDA:20,0,0,30
BRDA:20,0,1,30
BRDA:21,1,0,25
BRDA:21,1,1,5
BRDA:37,2,0,5
BRDA:37,2,1,25
BRDA:47,3,0,6
BRDA:47,3,1,3
BRDA:61,4,0,12
BRDA:61,4,1,4
BRDA:61,5,0,16
BRDA:61,5,1,11
BRF:12
BRH:12
end_of_record
TN:
SF:models/company.js
FN:19,(anonymous_0)
FN:52,(anonymous_1)
FN:81,(anonymous_2)
FN:111,(anonymous_3)
FN:121,(anonymous_4)
FN:148,(anonymous_5)
FN:179,(anonymous_6)
FN:204,(anonymous_7)
FNF:8
FNH:1
FNDA:3,(anonymous_0)
FNDA:0,(anonymous_1)
FNDA:0,(anonymous_2)
FNDA:0,(anonymous_3)
FNDA:0,(anonymous_4)
FNDA:0,(anonymous_5)
FNDA:0,(anonymous_6)
FNDA:0,(anonymous_7)
DA:3,1
DA:4,1
DA:5,1
DA:20,3
DA:27,3
DA:28,0
DA:30,3
DA:42,3
DA:44,3
DA:53,0
DA:62,0
DA:82,0
DA:83,0
DA:93,0
DA:95,0
DA:96,0
DA:98,0
DA:112,0
DA:113,0
DA:115,0
DA:117,0
DA:118,0
DA:121,0
DA:122,0
DA:123,0
DA:124,0
DA:125,0
DA:126,0
DA:127,0
DA:128,0
DA:129,0
DA:130,0
DA:134,0
DA:149,0
DA:160,0
DA:162,0
DA:164,0
DA:180,0
DA:184,0
DA:186,0
DA:191,0
DA:192,0
DA:194,0
DA:196,0
DA:205,0
DA:212,0
DA:214,0
DA:218,1
LF:48
LH:9
BRDA:27,0,0,0
BRDA:27,0,1,3
BRDA:95,1,0,0
BRDA:95,1,1,0
BRDA:113,2,0,0
BRDA:113,2,1,0
BRDA:117,3,0,0
BRDA:117,3,1,0
BRDA:122,4,0,0
BRDA:122,4,1,0
BRDA:125,5,0,0
BRDA:125,5,1,0
BRDA:127,6,0,0
BRDA:127,6,1,0
BRDA:129,7,0,0
BRDA:129,7,1,0
BRDA:162,8,0,0
BRDA:162,8,1,0
BRDA:194,9,0,0
BRDA:194,9,1,0
BRDA:214,10,0,0
BRDA:214,10,1,0
BRF:22
BRH:1
end_of_record
TN:
SF:models/user.js
FN:24,(anonymous_0)
FN:59,(anonymous_1)
FN:104,(anonymous_2)
FN:126,(anonymous_3)
FN:162,(anonymous_4)
FN:195,(anonymous_5)
FNF:6
FNH:6
FNDA:2,(anonymous_0)
FNDA:6,(anonymous_1)
FNDA:2,(anonymous_2)
FNDA:3,(anonymous_3)
FNDA:5,(anonymous_4)
FNDA:3,(anonymous_5)
DA:3,1
DA:4,1
DA:5,1
DA:10,1
DA:12,1
DA:26,2
DA:38,2
DA:40,2
DA:42,2
DA:43,2
DA:44,2
DA:45,2
DA:49,0
DA:61,6
DA:68,6
DA:69,0
DA:72,6
DA:74,6
DA:94,6
DA:96,6
DA:105,2
DA:115,1
DA:127,3
DA:138,3
DA:140,3
DA:142,2
DA:163,5
DA:164,2
DA:167,5
DA:174,5
DA:176,5
DA:184,5
DA:185,5
DA:187,5
DA:189,4
DA:190,4
DA:196,3
DA:203,3
DA:205,3
DA:210,1
LF:40
LH:38
BRDA:40,0,0,2
BRDA:40,0,1,0
BRDA:43,1,0,2
BRDA:43,1,1,0
BRDA:68,2,0,0
BRDA:68,2,1,6
BRDA:140,3,0,1
BRDA:140,3,1,2
BRDA:163,4,0,2
BRDA:163,4,1,3
BRDA:187,5,0,1
BRDA:187,5,1,4
BRDA:205,6,0,1
BRDA:205,6,1,2
BRF:14
BRH:11
end_of_record
TN:
SF:routes/_testCommon.js
FN:8,commonBeforeAll
FN:73,commonBeforeEach
FN:77,commonAfterEach
FN:81,commonAfterAll
FNF:4
FNH:4
FNDA:1,commonBeforeAll
FNDA:30,commonBeforeEach
FNDA:30,commonAfterEach
FNDA:1,commonAfterAll
DA:3,1
DA:4,1
DA:5,1
DA:6,1
DA:10,1
DA:12,1
DA:14,1
DA:22,1
DA:30,1
DA:39,1
DA:47,1
DA:55,1
DA:63,1
DA:74,30
DA:78,30
DA:82,1
DA:86,1
DA:87,1
DA:88,1
DA:91,1
LF:20
LH:20
BRF:0
BRH:0
end_of_record
TN:
SF:routes/auth.js
FN:22,(anonymous_0)
FN:29,(anonymous_1)
FN:49,(anonymous_2)
FN:56,(anonymous_3)
FNF:4
FNH:0
FNDA:0,(anonymous_0)
FNDA:0,(anonymous_1)
FNDA:0,(anonymous_2)
FNDA:0,(anonymous_3)
DA:5,1
DA:7,1
DA:8,1
DA:9,1
DA:10,1
DA:11,1
DA:12,1
DA:13,1
DA:22,1
DA:23,0
DA:28,0
DA:29,0
DA:30,0
DA:33,0
DA:34,0
DA:35,0
DA:36,0
DA:49,1
DA:50,0
DA:55,0
DA:56,0
DA:57,0
DA:60,0
DA:61,0
DA:62,0
DA:66,1
LF:26
LH:11
BRDA:28,0,0,0
BRDA:28,0,1,0
BRDA:55,1,0,0
BRDA:55,1,1,0
BRF:4
BRH:0
end_of_record
TN:
SF:routes/companies.js
FN:28,(anonymous_0)
FN:35,(anonymous_1)
FN:54,(anonymous_2)
FN:65,(anonymous_3)
FN:89,(anonymous_4)
FN:105,(anonymous_5)
FN:112,(anonymous_6)
FN:125,(anonymous_7)
FNF:8
FNH:0
FNDA:0,(anonymous_0)
FNDA:0,(anonymous_1)
FNDA:0,(anonymous_2)
FNDA:0,(anonymous_3)
FNDA:0,(anonymous_4)
FNDA:0,(anonymous_5)
FNDA:0,(anonymous_6)
FNDA:0,(anonymous_7)
DA:5,1
DA:6,1
DA:8,1
DA:9,1
DA:10,1
DA:12,1
DA:13,1
DA:14,1
DA:16,1
DA:28,1
DA:29,0
DA:34,0
DA:35,0
DA:36,0
DA:39,0
DA:40,0
DA:54,1
DA:55,0
DA:56,0
DA:62,0
DA:63,0
DA:64,0
DA:65,0
DA:66,0
DA:67,0
DA:70,0
DA:71,0
DA:72,0
DA:76,0
DA:77,0
DA:89,1
DA:90,0
DA:91,0
DA:105,1
DA:106,0
DA:111,0
DA:112,0
DA:113,0
DA:116,0
DA:117,0
DA:125,1
DA:126,0
DA:127,0
DA:131,1
LF:44
LH:15
BRDA:34,0,0,0
BRDA:34,0,1,0
BRDA:55,1,0,0
BRDA:55,1,1,0
BRDA:63,2,0,0
BRDA:63,2,1,0
BRDA:111,3,0,0
BRDA:111,3,1,0
BRF:8
BRH:0
end_of_record
TN:
SF:routes/users.js
FN:37,(anonymous_0)
FN:42,(anonymous_1)
FN:63,(anonymous_2)
FN:80,(anonymous_3)
FN:100,(anonymous_4)
FN:105,(anonymous_5)
FN:123,(anonymous_6)
FNF:7
FNH:7
FNDA:4,(anonymous_0)
FNDA:5,(anonymous_1)
FNDA:2,(anonymous_2)
FNDA:3,(anonymous_3)
FNDA:6,(anonymous_4)
FNDA:1,(anonymous_5)
FNDA:3,(anonymous_6)
DA:5,1
DA:7,1
DA:12,1
DA:13,1
DA:14,1
DA:15,1
DA:16,1
DA:17,1
DA:19,1
DA:33,1
DA:38,4
DA:41,4
DA:42,5
DA:43,2
DA:46,2
DA:47,2
DA:48,2
DA:59,1
DA:64,2
DA:65,1
DA:76,1
DA:81,3
DA:82,2
DA:96,1
DA:101,6
DA:104,6
DA:105,1
DA:106,1
DA:109,5
DA:110,4
DA:119,1
DA:124,3
DA:125,2
DA:129,1
LF:34
LH:34
BRDA:41,0,0,2
BRDA:41,0,1,2
BRDA:104,1,0,1
BRDA:104,1,1,5
BRF:4
BRH:4
end_of_record
